<?xml version="1.0" encoding="UTF-8"?>
<robot generator="Robot 3.0 (Jython 2.7.0 on java1.8.0_65)" generated="20161006 16:42:38.695">
<suite source="C:\Users\Parker Hardin\Desktop\Leaderboard\src\test\acceptancetest" name="Acceptancetest" id="s1">
<suite source="C:\Users\Parker Hardin\Desktop\Leaderboard\src\test\acceptancetest\DataRetrieval.robot" name="DataRetrieval" id="s1-s1">
<test name="Test Gamegogy Load Student Data" id="s1-s1-t1">
<kw name="Start Gamegogy CLI With Arguments">
<arguments>
<arg>student</arg>
<arg>111128</arg>
</arguments>
<msg level="FAIL" timestamp="20161006 16:42:38.907">No keyword with name 'Start Gamegogy CLI With Arguments' found.</msg>
<status endtime="20161006 16:42:38.908" starttime="20161006 16:42:38.905" status="FAIL"></status>
</kw>
<status critical="yes" endtime="20161006 16:42:38.910" starttime="20161006 16:42:38.896" status="FAIL">No keyword with name 'Start Gamegogy CLI With Arguments' found.</status>
</test>
<test name="Test Gamegogy Load Course Data" id="s1-s1-t2">
<kw name="Start Gamegogy CLI With Arguments">
<arguments>
<arg>course</arg>
<arg>99018</arg>
</arguments>
<msg level="FAIL" timestamp="20161006 16:42:38.928">No keyword with name 'Start Gamegogy CLI With Arguments' found.</msg>
<status endtime="20161006 16:42:38.929" starttime="20161006 16:42:38.925" status="FAIL"></status>
</kw>
<status critical="yes" endtime="20161006 16:42:38.930" starttime="20161006 16:42:38.913" status="FAIL">No keyword with name 'Start Gamegogy CLI With Arguments' found.</status>
</test>
<test name="Test Gamegogy With No Arguments" id="s1-s1-t3">
<kw name="Start Gamegogy CLI With Arguments">
<msg level="FAIL" timestamp="20161006 16:42:38.944">No keyword with name 'Start Gamegogy CLI With Arguments' found.</msg>
<status endtime="20161006 16:42:38.945" starttime="20161006 16:42:38.944" status="FAIL"></status>
</kw>
<status critical="yes" endtime="20161006 16:42:38.946" starttime="20161006 16:42:38.933" status="FAIL">No keyword with name 'Start Gamegogy CLI With Arguments' found.</status>
</test>
<status endtime="20161006 16:42:38.949" starttime="20161006 16:42:38.865" status="FAIL"></status>
</suite>
<status endtime="20161006 16:42:38.956" starttime="20161006 16:42:38.704" status="FAIL"></status>
</suite>
<statistics>
<total>
<stat pass="0" fail="3">Critical Tests</stat>
<stat pass="0" fail="3">All Tests</stat>
</total>
<tag>
</tag>
<suite>
<stat pass="0" fail="3" name="Acceptancetest" id="s1">Acceptancetest</stat>
<stat pass="0" fail="3" name="DataRetrieval" id="s1-s1">Acceptancetest.DataRetrieval</stat>
</suite>
</statistics>
<errors>
<msg level="ERROR" timestamp="20161006 16:42:38.889">Error in file 'C:\Users\Parker Hardin\Desktop\Leaderboard\src\test\acceptancetest\DataRetrieval.robot': Importing test library 'keywords.GamegogyKeywords' failed: ImportError: No module named keywords
Traceback (most recent call last):
  None
PYTHONPATH:
  C:\Users\Parker Hardin\.gradle\caches\modules-2\files-2.1\org.robotframework\robotframework\3.0\379defe8be9c22457b721a2bd8cb045506fef3e3\Lib
  C:\Users\Parker Hardin\.gradle\caches\modules-2\files-2.1\org.robotframework\robotframework\3.0\379defe8be9c22457b721a2bd8cb045506fef3e3\robotframework-3.0.jar\Lib
  __classpath__
  __pyclasspath__/
CLASSPATH:
  C:\Users\Parker Hardin\Desktop\SE\gradle-3.0\lib\gradle-launcher-3.0.jar</msg>
</errors>
</robot>
